Determining if the pthread_create exist failed with the following output:
Change Dir: /home/inessa/projects/computer-graphics/Assignment-01/CG_UFPel/build/CMakeFiles/CMakeTmp

Run Build Command:"/usr/bin/make" "cmTryCompileExec2496858746/fast"
/usr/bin/make -f CMakeFiles/cmTryCompileExec2496858746.dir/build.make CMakeFiles/cmTryCompileExec2496858746.dir/build
make[1]: Entering directory '/home/inessa/projects/computer-graphics/Assignment-01/CG_UFPel/build/CMakeFiles/CMakeTmp'
/usr/bin/cmake -E cmake_progress_report /home/inessa/projects/computer-graphics/Assignment-01/CG_UFPel/build/CMakeFiles/CMakeTmp/CMakeFiles 1
Building C object CMakeFiles/cmTryCompileExec2496858746.dir/CheckSymbolExists.c.o
/usr/bin/cc    -o CMakeFiles/cmTryCompileExec2496858746.dir/CheckSymbolExists.c.o   -c /home/inessa/projects/computer-graphics/Assignment-01/CG_UFPel/build/CMakeFiles/CMakeTmp/CheckSymbolExists.c
Linking C executable cmTryCompileExec2496858746
/usr/bin/cmake -E cmake_link_script CMakeFiles/cmTryCompileExec2496858746.dir/link.txt --verbose=1
/usr/bin/cc       CMakeFiles/cmTryCompileExec2496858746.dir/CheckSymbolExists.c.o  -o cmTryCompileExec2496858746 -rdynamic 
CMakeFiles/cmTryCompileExec2496858746.dir/CheckSymbolExists.c.o: In function `main':
CheckSymbolExists.c:(.text+0x16): undefined reference to `pthread_create'
collect2: error: ld returned 1 exit status
CMakeFiles/cmTryCompileExec2496858746.dir/build.make:88: recipe for target 'cmTryCompileExec2496858746' failed
make[1]: *** [cmTryCompileExec2496858746] Error 1
make[1]: Leaving directory '/home/inessa/projects/computer-graphics/Assignment-01/CG_UFPel/build/CMakeFiles/CMakeTmp'
Makefile:117: recipe for target 'cmTryCompileExec2496858746/fast' failed
make: *** [cmTryCompileExec2496858746/fast] Error 2

File /home/inessa/projects/computer-graphics/Assignment-01/CG_UFPel/build/CMakeFiles/CMakeTmp/CheckSymbolExists.c:
/* */
#include <pthread.h>

int main(int argc, char** argv)
{
  (void)argv;
#ifndef pthread_create
  return ((int*)(&pthread_create))[argc];
#else
  (void)argc;
  return 0;
#endif
}

Determining if the function pthread_create exists in the pthreads failed with the following output:
Change Dir: /home/inessa/projects/computer-graphics/Assignment-01/CG_UFPel/build/CMakeFiles/CMakeTmp

Run Build Command:"/usr/bin/make" "cmTryCompileExec3604305547/fast"
/usr/bin/make -f CMakeFiles/cmTryCompileExec3604305547.dir/build.make CMakeFiles/cmTryCompileExec3604305547.dir/build
make[1]: Entering directory '/home/inessa/projects/computer-graphics/Assignment-01/CG_UFPel/build/CMakeFiles/CMakeTmp'
/usr/bin/cmake -E cmake_progress_report /home/inessa/projects/computer-graphics/Assignment-01/CG_UFPel/build/CMakeFiles/CMakeTmp/CMakeFiles 1
Building C object CMakeFiles/cmTryCompileExec3604305547.dir/CheckFunctionExists.c.o
/usr/bin/cc   -DCHECK_FUNCTION_EXISTS=pthread_create   -o CMakeFiles/cmTryCompileExec3604305547.dir/CheckFunctionExists.c.o   -c /usr/share/cmake-3.2/Modules/CheckFunctionExists.c
Linking C executable cmTryCompileExec3604305547
/usr/bin/cmake -E cmake_link_script CMakeFiles/cmTryCompileExec3604305547.dir/link.txt --verbose=1
/usr/bin/cc   -DCHECK_FUNCTION_EXISTS=pthread_create    CMakeFiles/cmTryCompileExec3604305547.dir/CheckFunctionExists.c.o  -o cmTryCompileExec3604305547 -rdynamic -lpthreads 
/usr/bin/ld: cannot find -lpthreads
collect2: error: ld returned 1 exit status
CMakeFiles/cmTryCompileExec3604305547.dir/build.make:88: recipe for target 'cmTryCompileExec3604305547' failed
make[1]: Leaving directory '/home/inessa/projects/computer-graphics/Assignment-01/CG_UFPel/build/CMakeFiles/CMakeTmp'
make[1]: *** [cmTryCompileExec3604305547] Error 1
Makefile:117: recipe for target 'cmTryCompileExec3604305547/fast' failed
make: *** [cmTryCompileExec3604305547/fast] Error 2


Determining if the function glXGetProcAddressEXT exists failed with the following output:
Change Dir: /home/inessa/projects/computer-graphics/Assignment-01/CG_UFPel/build/CMakeFiles/CMakeTmp

Run Build Command:"/usr/bin/make" "cmTryCompileExec3325715610/fast"
/usr/bin/make -f CMakeFiles/cmTryCompileExec3325715610.dir/build.make CMakeFiles/cmTryCompileExec3325715610.dir/build
make[1]: Entering directory '/home/inessa/projects/computer-graphics/Assignment-01/CG_UFPel/build/CMakeFiles/CMakeTmp'
/usr/bin/cmake -E cmake_progress_report /home/inessa/projects/computer-graphics/Assignment-01/CG_UFPel/build/CMakeFiles/CMakeTmp/CMakeFiles 1
Building C object CMakeFiles/cmTryCompileExec3325715610.dir/CheckFunctionExists.c.o
/usr/bin/cc   -DCHECK_FUNCTION_EXISTS=glXGetProcAddressEXT   -o CMakeFiles/cmTryCompileExec3325715610.dir/CheckFunctionExists.c.o   -c /usr/share/cmake-3.2/Modules/CheckFunctionExists.c
Linking C executable cmTryCompileExec3325715610
/usr/bin/cmake -E cmake_link_script CMakeFiles/cmTryCompileExec3325715610.dir/link.txt --verbose=1
/usr/bin/cc   -DCHECK_FUNCTION_EXISTS=glXGetProcAddressEXT    CMakeFiles/cmTryCompileExec3325715610.dir/CheckFunctionExists.c.o  -o cmTryCompileExec3325715610 -rdynamic -lGL 
CMakeFiles/cmTryCompileExec3325715610.dir/CheckFunctionExists.c.o: In function `main':
CheckFunctionExists.c:(.text+0x15): undefined reference to `glXGetProcAddressEXT'
collect2: error: ld returned 1 exit status
CMakeFiles/cmTryCompileExec3325715610.dir/build.make:89: recipe for target 'cmTryCompileExec3325715610' failed
make[1]: Leaving directory '/home/inessa/projects/computer-graphics/Assignment-01/CG_UFPel/build/CMakeFiles/CMakeTmp'
make[1]: *** [cmTryCompileExec3325715610] Error 1
Makefile:117: recipe for target 'cmTryCompileExec3325715610/fast' failed
make: *** [cmTryCompileExec3325715610/fast] Error 2


