The system is: Linux - 4.2.0-34-generic - x86_64
Compiling the C compiler identification source file "CMakeCCompilerId.c" succeeded.
Compiler: /usr/bin/cc 
Build flags: 
Id flags: 

The output was:
0


Compilation of the C compiler identification source "CMakeCCompilerId.c" produced "a.out"

The C compiler identification is GNU, found in "/home/inessa/projects/computer-graphics/Assignment-01/CG_UFPel/build/CMakeFiles/3.2.2/CompilerIdC/a.out"

Compiling the CXX compiler identification source file "CMakeCXXCompilerId.cpp" succeeded.
Compiler: /usr/bin/c++ 
Build flags: 
Id flags: 

The output was:
0


Compilation of the CXX compiler identification source "CMakeCXXCompilerId.cpp" produced "a.out"

The CXX compiler identification is GNU, found in "/home/inessa/projects/computer-graphics/Assignment-01/CG_UFPel/build/CMakeFiles/3.2.2/CompilerIdCXX/a.out"

Determining if the C compiler works passed with the following output:
Change Dir: /home/inessa/projects/computer-graphics/Assignment-01/CG_UFPel/build/CMakeFiles/CMakeTmp

Run Build Command:"/usr/bin/make" "cmTryCompileExec3108889190/fast"
/usr/bin/make -f CMakeFiles/cmTryCompileExec3108889190.dir/build.make CMakeFiles/cmTryCompileExec3108889190.dir/build
make[1]: Entering directory '/home/inessa/projects/computer-graphics/Assignment-01/CG_UFPel/build/CMakeFiles/CMakeTmp'
/usr/bin/cmake -E cmake_progress_report /home/inessa/projects/computer-graphics/Assignment-01/CG_UFPel/build/CMakeFiles/CMakeTmp/CMakeFiles 1
Building C object CMakeFiles/cmTryCompileExec3108889190.dir/testCCompiler.c.o
/usr/bin/cc    -o CMakeFiles/cmTryCompileExec3108889190.dir/testCCompiler.c.o   -c /home/inessa/projects/computer-graphics/Assignment-01/CG_UFPel/build/CMakeFiles/CMakeTmp/testCCompiler.c
Linking C executable cmTryCompileExec3108889190
/usr/bin/cmake -E cmake_link_script CMakeFiles/cmTryCompileExec3108889190.dir/link.txt --verbose=1
/usr/bin/cc       CMakeFiles/cmTryCompileExec3108889190.dir/testCCompiler.c.o  -o cmTryCompileExec3108889190 -rdynamic 
make[1]: Leaving directory '/home/inessa/projects/computer-graphics/Assignment-01/CG_UFPel/build/CMakeFiles/CMakeTmp'


Detecting C compiler ABI info compiled with the following output:
Change Dir: /home/inessa/projects/computer-graphics/Assignment-01/CG_UFPel/build/CMakeFiles/CMakeTmp

Run Build Command:"/usr/bin/make" "cmTryCompileExec3435902393/fast"
/usr/bin/make -f CMakeFiles/cmTryCompileExec3435902393.dir/build.make CMakeFiles/cmTryCompileExec3435902393.dir/build
make[1]: Entering directory '/home/inessa/projects/computer-graphics/Assignment-01/CG_UFPel/build/CMakeFiles/CMakeTmp'
/usr/bin/cmake -E cmake_progress_report /home/inessa/projects/computer-graphics/Assignment-01/CG_UFPel/build/CMakeFiles/CMakeTmp/CMakeFiles 1
Building C object CMakeFiles/cmTryCompileExec3435902393.dir/CMakeCCompilerABI.c.o
/usr/bin/cc    -o CMakeFiles/cmTryCompileExec3435902393.dir/CMakeCCompilerABI.c.o   -c /usr/share/cmake-3.2/Modules/CMakeCCompilerABI.c
Linking C executable cmTryCompileExec3435902393
/usr/bin/cmake -E cmake_link_script CMakeFiles/cmTryCompileExec3435902393.dir/link.txt --verbose=1
/usr/bin/cc      -v CMakeFiles/cmTryCompileExec3435902393.dir/CMakeCCompilerABI.c.o  -o cmTryCompileExec3435902393 -rdynamic  
Using built-in specs.
COLLECT_GCC=/usr/bin/cc
COLLECT_LTO_WRAPPER=/usr/lib/gcc/x86_64-linux-gnu/5/lto-wrapper
Target: x86_64-linux-gnu
Configured with: ../src/configure -v --with-pkgversion='Ubuntu 5.2.1-22ubuntu2' --with-bugurl=file:///usr/share/doc/gcc-5/README.Bugs --enable-languages=c,ada,c++,java,go,d,fortran,objc,obj-c++ --prefix=/usr --program-suffix=-5 --enable-shared --enable-linker-build-id --libexecdir=/usr/lib --without-included-gettext --enable-threads=posix --libdir=/usr/lib --enable-nls --with-sysroot=/ --enable-clocale=gnu --enable-libstdcxx-debug --enable-libstdcxx-time=yes --with-default-libstdcxx-abi=new --enable-gnu-unique-object --disable-vtable-verify --enable-libmpx --enable-plugin --with-system-zlib --disable-browser-plugin --enable-java-awt=gtk --enable-gtk-cairo --with-java-home=/usr/lib/jvm/java-1.5.0-gcj-5-amd64/jre --enable-java-home --with-jvm-root-dir=/usr/lib/jvm/java-1.5.0-gcj-5-amd64 --with-jvm-jar-dir=/usr/lib/jvm-exports/java-1.5.0-gcj-5-amd64 --with-arch-directory=amd64 --with-ecj-jar=/usr/share/java/eclipse-ecj.jar --enable-objc-gc --enable-multiarch --disable-werror --with-arch-32=i686 --with-abi=m64 --with-multilib-list=m32,m64,mx32 --enable-multilib --with-tune=generic --enable-checking=release --build=x86_64-linux-gnu --host=x86_64-linux-gnu --target=x86_64-linux-gnu
Thread model: posix
gcc version 5.2.1 20151010 (Ubuntu 5.2.1-22ubuntu2) 
COMPILER_PATH=/usr/lib/gcc/x86_64-linux-gnu/5/:/usr/lib/gcc/x86_64-linux-gnu/5/:/usr/lib/gcc/x86_64-linux-gnu/:/usr/lib/gcc/x86_64-linux-gnu/5/:/usr/lib/gcc/x86_64-linux-gnu/
LIBRARY_PATH=/usr/lib/gcc/x86_64-linux-gnu/5/:/usr/lib/gcc/x86_64-linux-gnu/5/../../../x86_64-linux-gnu/:/usr/lib/gcc/x86_64-linux-gnu/5/../../../../lib/:/lib/x86_64-linux-gnu/:/lib/../lib/:/usr/lib/x86_64-linux-gnu/:/usr/lib/../lib/:/usr/lib/gcc/x86_64-linux-gnu/5/../../../:/lib/:/usr/lib/
COLLECT_GCC_OPTIONS='-v' '-o' 'cmTryCompileExec3435902393' '-rdynamic' '-mtune=generic' '-march=x86-64'
 /usr/lib/gcc/x86_64-linux-gnu/5/collect2 -plugin /usr/lib/gcc/x86_64-linux-gnu/5/liblto_plugin.so -plugin-opt=/usr/lib/gcc/x86_64-linux-gnu/5/lto-wrapper -plugin-opt=-fresolution=/tmp/ccFAY72C.res -plugin-opt=-pass-through=-lgcc -plugin-opt=-pass-through=-lgcc_s -plugin-opt=-pass-through=-lc -plugin-opt=-pass-through=-lgcc -plugin-opt=-pass-through=-lgcc_s --sysroot=/ --build-id --eh-frame-hdr -m elf_x86_64 --hash-style=gnu --as-needed -export-dynamic -dynamic-linker /lib64/ld-linux-x86-64.so.2 -z relro -o cmTryCompileExec3435902393 /usr/lib/gcc/x86_64-linux-gnu/5/../../../x86_64-linux-gnu/crt1.o /usr/lib/gcc/x86_64-linux-gnu/5/../../../x86_64-linux-gnu/crti.o /usr/lib/gcc/x86_64-linux-gnu/5/crtbegin.o -L/usr/lib/gcc/x86_64-linux-gnu/5 -L/usr/lib/gcc/x86_64-linux-gnu/5/../../../x86_64-linux-gnu -L/usr/lib/gcc/x86_64-linux-gnu/5/../../../../lib -L/lib/x86_64-linux-gnu -L/lib/../lib -L/usr/lib/x86_64-linux-gnu -L/usr/lib/../lib -L/usr/lib/gcc/x86_64-linux-gnu/5/../../.. CMakeFiles/cmTryCompileExec3435902393.dir/CMakeCCompilerABI.c.o -lgcc --as-needed -lgcc_s --no-as-needed -lc -lgcc --as-needed -lgcc_s --no-as-needed /usr/lib/gcc/x86_64-linux-gnu/5/crtend.o /usr/lib/gcc/x86_64-linux-gnu/5/../../../x86_64-linux-gnu/crtn.o
make[1]: Leaving directory '/home/inessa/projects/computer-graphics/Assignment-01/CG_UFPel/build/CMakeFiles/CMakeTmp'


Parsed C implicit link information from above output:
  link line regex: [^( *|.*[/\])(ld|([^/\]+-)?ld|collect2)[^/\]*( |$)]
  ignore line: [Change Dir: /home/inessa/projects/computer-graphics/Assignment-01/CG_UFPel/build/CMakeFiles/CMakeTmp]
  ignore line: []
  ignore line: [Run Build Command:"/usr/bin/make" "cmTryCompileExec3435902393/fast"]
  ignore line: [/usr/bin/make -f CMakeFiles/cmTryCompileExec3435902393.dir/build.make CMakeFiles/cmTryCompileExec3435902393.dir/build]
  ignore line: [make[1]: Entering directory '/home/inessa/projects/computer-graphics/Assignment-01/CG_UFPel/build/CMakeFiles/CMakeTmp']
  ignore line: [/usr/bin/cmake -E cmake_progress_report /home/inessa/projects/computer-graphics/Assignment-01/CG_UFPel/build/CMakeFiles/CMakeTmp/CMakeFiles 1]
  ignore line: [Building C object CMakeFiles/cmTryCompileExec3435902393.dir/CMakeCCompilerABI.c.o]
  ignore line: [/usr/bin/cc    -o CMakeFiles/cmTryCompileExec3435902393.dir/CMakeCCompilerABI.c.o   -c /usr/share/cmake-3.2/Modules/CMakeCCompilerABI.c]
  ignore line: [Linking C executable cmTryCompileExec3435902393]
  ignore line: [/usr/bin/cmake -E cmake_link_script CMakeFiles/cmTryCompileExec3435902393.dir/link.txt --verbose=1]
  ignore line: [/usr/bin/cc      -v CMakeFiles/cmTryCompileExec3435902393.dir/CMakeCCompilerABI.c.o  -o cmTryCompileExec3435902393 -rdynamic  ]
  ignore line: [Using built-in specs.]
  ignore line: [COLLECT_GCC=/usr/bin/cc]
  ignore line: [COLLECT_LTO_WRAPPER=/usr/lib/gcc/x86_64-linux-gnu/5/lto-wrapper]
  ignore line: [Target: x86_64-linux-gnu]
  ignore line: [Configured with: ../src/configure -v --with-pkgversion='Ubuntu 5.2.1-22ubuntu2' --with-bugurl=file:///usr/share/doc/gcc-5/README.Bugs --enable-languages=c,ada,c++,java,go,d,fortran,objc,obj-c++ --prefix=/usr --program-suffix=-5 --enable-shared --enable-linker-build-id --libexecdir=/usr/lib --without-included-gettext --enable-threads=posix --libdir=/usr/lib --enable-nls --with-sysroot=/ --enable-clocale=gnu --enable-libstdcxx-debug --enable-libstdcxx-time=yes --with-default-libstdcxx-abi=new --enable-gnu-unique-object --disable-vtable-verify --enable-libmpx --enable-plugin --with-system-zlib --disable-browser-plugin --enable-java-awt=gtk --enable-gtk-cairo --with-java-home=/usr/lib/jvm/java-1.5.0-gcj-5-amd64/jre --enable-java-home --with-jvm-root-dir=/usr/lib/jvm/java-1.5.0-gcj-5-amd64 --with-jvm-jar-dir=/usr/lib/jvm-exports/java-1.5.0-gcj-5-amd64 --with-arch-directory=amd64 --with-ecj-jar=/usr/share/java/eclipse-ecj.jar --enable-objc-gc --enable-multiarch --disable-werror --with-arch-32=i686 --with-abi=m64 --with-multilib-list=m32,m64,mx32 --enable-multilib --with-tune=generic --enable-checking=release --build=x86_64-linux-gnu --host=x86_64-linux-gnu --target=x86_64-linux-gnu]
  ignore line: [Thread model: posix]
  ignore line: [gcc version 5.2.1 20151010 (Ubuntu 5.2.1-22ubuntu2) ]
  ignore line: [COMPILER_PATH=/usr/lib/gcc/x86_64-linux-gnu/5/:/usr/lib/gcc/x86_64-linux-gnu/5/:/usr/lib/gcc/x86_64-linux-gnu/:/usr/lib/gcc/x86_64-linux-gnu/5/:/usr/lib/gcc/x86_64-linux-gnu/]
  ignore line: [LIBRARY_PATH=/usr/lib/gcc/x86_64-linux-gnu/5/:/usr/lib/gcc/x86_64-linux-gnu/5/../../../x86_64-linux-gnu/:/usr/lib/gcc/x86_64-linux-gnu/5/../../../../lib/:/lib/x86_64-linux-gnu/:/lib/../lib/:/usr/lib/x86_64-linux-gnu/:/usr/lib/../lib/:/usr/lib/gcc/x86_64-linux-gnu/5/../../../:/lib/:/usr/lib/]
  ignore line: [COLLECT_GCC_OPTIONS='-v' '-o' 'cmTryCompileExec3435902393' '-rdynamic' '-mtune=generic' '-march=x86-64']
  link line: [ /usr/lib/gcc/x86_64-linux-gnu/5/collect2 -plugin /usr/lib/gcc/x86_64-linux-gnu/5/liblto_plugin.so -plugin-opt=/usr/lib/gcc/x86_64-linux-gnu/5/lto-wrapper -plugin-opt=-fresolution=/tmp/ccFAY72C.res -plugin-opt=-pass-through=-lgcc -plugin-opt=-pass-through=-lgcc_s -plugin-opt=-pass-through=-lc -plugin-opt=-pass-through=-lgcc -plugin-opt=-pass-through=-lgcc_s --sysroot=/ --build-id --eh-frame-hdr -m elf_x86_64 --hash-style=gnu --as-needed -export-dynamic -dynamic-linker /lib64/ld-linux-x86-64.so.2 -z relro -o cmTryCompileExec3435902393 /usr/lib/gcc/x86_64-linux-gnu/5/../../../x86_64-linux-gnu/crt1.o /usr/lib/gcc/x86_64-linux-gnu/5/../../../x86_64-linux-gnu/crti.o /usr/lib/gcc/x86_64-linux-gnu/5/crtbegin.o -L/usr/lib/gcc/x86_64-linux-gnu/5 -L/usr/lib/gcc/x86_64-linux-gnu/5/../../../x86_64-linux-gnu -L/usr/lib/gcc/x86_64-linux-gnu/5/../../../../lib -L/lib/x86_64-linux-gnu -L/lib/../lib -L/usr/lib/x86_64-linux-gnu -L/usr/lib/../lib -L/usr/lib/gcc/x86_64-linux-gnu/5/../../.. CMakeFiles/cmTryCompileExec3435902393.dir/CMakeCCompilerABI.c.o -lgcc --as-needed -lgcc_s --no-as-needed -lc -lgcc --as-needed -lgcc_s --no-as-needed /usr/lib/gcc/x86_64-linux-gnu/5/crtend.o /usr/lib/gcc/x86_64-linux-gnu/5/../../../x86_64-linux-gnu/crtn.o]
    arg [/usr/lib/gcc/x86_64-linux-gnu/5/collect2] ==> ignore
    arg [-plugin] ==> ignore
    arg [/usr/lib/gcc/x86_64-linux-gnu/5/liblto_plugin.so] ==> ignore
    arg [-plugin-opt=/usr/lib/gcc/x86_64-linux-gnu/5/lto-wrapper] ==> ignore
    arg [-plugin-opt=-fresolution=/tmp/ccFAY72C.res] ==> ignore
    arg [-plugin-opt=-pass-through=-lgcc] ==> ignore
    arg [-plugin-opt=-pass-through=-lgcc_s] ==> ignore
    arg [-plugin-opt=-pass-through=-lc] ==> ignore
    arg [-plugin-opt=-pass-through=-lgcc] ==> ignore
    arg [-plugin-opt=-pass-through=-lgcc_s] ==> ignore
    arg [--sysroot=/] ==> ignore
    arg [--build-id] ==> ignore
    arg [--eh-frame-hdr] ==> ignore
    arg [-m] ==> ignore
    arg [elf_x86_64] ==> ignore
    arg [--hash-style=gnu] ==> ignore
    arg [--as-needed] ==> ignore
    arg [-export-dynamic] ==> ignore
    arg [-dynamic-linker] ==> ignore
    arg [/lib64/ld-linux-x86-64.so.2] ==> ignore
    arg [-zrelro] ==> ignore
    arg [-o] ==> ignore
    arg [cmTryCompileExec3435902393] ==> ignore
    arg [/usr/lib/gcc/x86_64-linux-gnu/5/../../../x86_64-linux-gnu/crt1.o] ==> ignore
    arg [/usr/lib/gcc/x86_64-linux-gnu/5/../../../x86_64-linux-gnu/crti.o] ==> ignore
    arg [/usr/lib/gcc/x86_64-linux-gnu/5/crtbegin.o] ==> ignore
    arg [-L/usr/lib/gcc/x86_64-linux-gnu/5] ==> dir [/usr/lib/gcc/x86_64-linux-gnu/5]
    arg [-L/usr/lib/gcc/x86_64-linux-gnu/5/../../../x86_64-linux-gnu] ==> dir [/usr/lib/gcc/x86_64-linux-gnu/5/../../../x86_64-linux-gnu]
    arg [-L/usr/lib/gcc/x86_64-linux-gnu/5/../../../../lib] ==> dir [/usr/lib/gcc/x86_64-linux-gnu/5/../../../../lib]
    arg [-L/lib/x86_64-linux-gnu] ==> dir [/lib/x86_64-linux-gnu]
    arg [-L/lib/../lib] ==> dir [/lib/../lib]
    arg [-L/usr/lib/x86_64-linux-gnu] ==> dir [/usr/lib/x86_64-linux-gnu]
    arg [-L/usr/lib/../lib] ==> dir [/usr/lib/../lib]
    arg [-L/usr/lib/gcc/x86_64-linux-gnu/5/../../..] ==> dir [/usr/lib/gcc/x86_64-linux-gnu/5/../../..]
    arg [CMakeFiles/cmTryCompileExec3435902393.dir/CMakeCCompilerABI.c.o] ==> ignore
    arg [-lgcc] ==> lib [gcc]
    arg [--as-needed] ==> ignore
    arg [-lgcc_s] ==> lib [gcc_s]
    arg [--no-as-needed] ==> ignore
    arg [-lc] ==> lib [c]
    arg [-lgcc] ==> lib [gcc]
    arg [--as-needed] ==> ignore
    arg [-lgcc_s] ==> lib [gcc_s]
    arg [--no-as-needed] ==> ignore
    arg [/usr/lib/gcc/x86_64-linux-gnu/5/crtend.o] ==> ignore
    arg [/usr/lib/gcc/x86_64-linux-gnu/5/../../../x86_64-linux-gnu/crtn.o] ==> ignore
  remove lib [gcc]
  remove lib [gcc_s]
  remove lib [gcc]
  remove lib [gcc_s]
  collapse library dir [/usr/lib/gcc/x86_64-linux-gnu/5] ==> [/usr/lib/gcc/x86_64-linux-gnu/5]
  collapse library dir [/usr/lib/gcc/x86_64-linux-gnu/5/../../../x86_64-linux-gnu] ==> [/usr/lib/x86_64-linux-gnu]
  collapse library dir [/usr/lib/gcc/x86_64-linux-gnu/5/../../../../lib] ==> [/usr/lib]
  collapse library dir [/lib/x86_64-linux-gnu] ==> [/lib/x86_64-linux-gnu]
  collapse library dir [/lib/../lib] ==> [/lib]
  collapse library dir [/usr/lib/x86_64-linux-gnu] ==> [/usr/lib/x86_64-linux-gnu]
  collapse library dir [/usr/lib/../lib] ==> [/usr/lib]
  collapse library dir [/usr/lib/gcc/x86_64-linux-gnu/5/../../..] ==> [/usr/lib]
  implicit libs: [c]
  implicit dirs: [/usr/lib/gcc/x86_64-linux-gnu/5;/usr/lib/x86_64-linux-gnu;/usr/lib;/lib/x86_64-linux-gnu;/lib]
  implicit fwks: []




Detecting C [-std=c11] compiler features compiled with the following output:
Change Dir: /home/inessa/projects/computer-graphics/Assignment-01/CG_UFPel/build/CMakeFiles/CMakeTmp

Run Build Command:"/usr/bin/make" "cmTryCompileExec3968812962/fast"
/usr/bin/make -f CMakeFiles/cmTryCompileExec3968812962.dir/build.make CMakeFiles/cmTryCompileExec3968812962.dir/build
make[1]: Entering directory '/home/inessa/projects/computer-graphics/Assignment-01/CG_UFPel/build/CMakeFiles/CMakeTmp'
/usr/bin/cmake -E cmake_progress_report /home/inessa/projects/computer-graphics/Assignment-01/CG_UFPel/build/CMakeFiles/CMakeTmp/CMakeFiles 1
Building C object CMakeFiles/cmTryCompileExec3968812962.dir/feature_tests.c.o
/usr/bin/cc   -std=c11 -o CMakeFiles/cmTryCompileExec3968812962.dir/feature_tests.c.o   -c /home/inessa/projects/computer-graphics/Assignment-01/CG_UFPel/build/CMakeFiles/feature_tests.c
Linking C executable cmTryCompileExec3968812962
/usr/bin/cmake -E cmake_link_script CMakeFiles/cmTryCompileExec3968812962.dir/link.txt --verbose=1
/usr/bin/cc       CMakeFiles/cmTryCompileExec3968812962.dir/feature_tests.c.o  -o cmTryCompileExec3968812962 -rdynamic 
make[1]: Leaving directory '/home/inessa/projects/computer-graphics/Assignment-01/CG_UFPel/build/CMakeFiles/CMakeTmp'


    Feature record: C_FEATURE:1c_function_prototypes
    Feature record: C_FEATURE:1c_restrict
    Feature record: C_FEATURE:1c_static_assert
    Feature record: C_FEATURE:1c_variadic_macros


Detecting C [-std=c99] compiler features compiled with the following output:
Change Dir: /home/inessa/projects/computer-graphics/Assignment-01/CG_UFPel/build/CMakeFiles/CMakeTmp

Run Build Command:"/usr/bin/make" "cmTryCompileExec3165213821/fast"
/usr/bin/make -f CMakeFiles/cmTryCompileExec3165213821.dir/build.make CMakeFiles/cmTryCompileExec3165213821.dir/build
make[1]: Entering directory '/home/inessa/projects/computer-graphics/Assignment-01/CG_UFPel/build/CMakeFiles/CMakeTmp'
/usr/bin/cmake -E cmake_progress_report /home/inessa/projects/computer-graphics/Assignment-01/CG_UFPel/build/CMakeFiles/CMakeTmp/CMakeFiles 1
Building C object CMakeFiles/cmTryCompileExec3165213821.dir/feature_tests.c.o
/usr/bin/cc   -std=c99 -o CMakeFiles/cmTryCompileExec3165213821.dir/feature_tests.c.o   -c /home/inessa/projects/computer-graphics/Assignment-01/CG_UFPel/build/CMakeFiles/feature_tests.c
Linking C executable cmTryCompileExec3165213821
/usr/bin/cmake -E cmake_link_script CMakeFiles/cmTryCompileExec3165213821.dir/link.txt --verbose=1
/usr/bin/cc       CMakeFiles/cmTryCompileExec3165213821.dir/feature_tests.c.o  -o cmTryCompileExec3165213821 -rdynamic 
make[1]: Leaving directory '/home/inessa/projects/computer-graphics/Assignment-01/CG_UFPel/build/CMakeFiles/CMakeTmp'


    Feature record: C_FEATURE:1c_function_prototypes
    Feature record: C_FEATURE:1c_restrict
    Feature record: C_FEATURE:0c_static_assert
    Feature record: C_FEATURE:1c_variadic_macros


Detecting C [-std=c90] compiler features compiled with the following output:
Change Dir: /home/inessa/projects/computer-graphics/Assignment-01/CG_UFPel/build/CMakeFiles/CMakeTmp

Run Build Command:"/usr/bin/make" "cmTryCompileExec3069143267/fast"
/usr/bin/make -f CMakeFiles/cmTryCompileExec3069143267.dir/build.make CMakeFiles/cmTryCompileExec3069143267.dir/build
make[1]: Entering directory '/home/inessa/projects/computer-graphics/Assignment-01/CG_UFPel/build/CMakeFiles/CMakeTmp'
/usr/bin/cmake -E cmake_progress_report /home/inessa/projects/computer-graphics/Assignment-01/CG_UFPel/build/CMakeFiles/CMakeTmp/CMakeFiles 1
Building C object CMakeFiles/cmTryCompileExec3069143267.dir/feature_tests.c.o
/usr/bin/cc   -std=c90 -o CMakeFiles/cmTryCompileExec3069143267.dir/feature_tests.c.o   -c /home/inessa/projects/computer-graphics/Assignment-01/CG_UFPel/build/CMakeFiles/feature_tests.c
Linking C executable cmTryCompileExec3069143267
/usr/bin/cmake -E cmake_link_script CMakeFiles/cmTryCompileExec3069143267.dir/link.txt --verbose=1
/usr/bin/cc       CMakeFiles/cmTryCompileExec3069143267.dir/feature_tests.c.o  -o cmTryCompileExec3069143267 -rdynamic 
make[1]: Leaving directory '/home/inessa/projects/computer-graphics/Assignment-01/CG_UFPel/build/CMakeFiles/CMakeTmp'


    Feature record: C_FEATURE:1c_function_prototypes
    Feature record: C_FEATURE:0c_restrict
    Feature record: C_FEATURE:0c_static_assert
    Feature record: C_FEATURE:0c_variadic_macros
Determining if the CXX compiler works passed with the following output:
Change Dir: /home/inessa/projects/computer-graphics/Assignment-01/CG_UFPel/build/CMakeFiles/CMakeTmp

Run Build Command:"/usr/bin/make" "cmTryCompileExec2415951643/fast"
/usr/bin/make -f CMakeFiles/cmTryCompileExec2415951643.dir/build.make CMakeFiles/cmTryCompileExec2415951643.dir/build
make[1]: Entering directory '/home/inessa/projects/computer-graphics/Assignment-01/CG_UFPel/build/CMakeFiles/CMakeTmp'
/usr/bin/cmake -E cmake_progress_report /home/inessa/projects/computer-graphics/Assignment-01/CG_UFPel/build/CMakeFiles/CMakeTmp/CMakeFiles 1
Building CXX object CMakeFiles/cmTryCompileExec2415951643.dir/testCXXCompiler.cxx.o
/usr/bin/c++     -o CMakeFiles/cmTryCompileExec2415951643.dir/testCXXCompiler.cxx.o -c /home/inessa/projects/computer-graphics/Assignment-01/CG_UFPel/build/CMakeFiles/CMakeTmp/testCXXCompiler.cxx
Linking CXX executable cmTryCompileExec2415951643
/usr/bin/cmake -E cmake_link_script CMakeFiles/cmTryCompileExec2415951643.dir/link.txt --verbose=1
/usr/bin/c++        CMakeFiles/cmTryCompileExec2415951643.dir/testCXXCompiler.cxx.o  -o cmTryCompileExec2415951643 -rdynamic 
make[1]: Leaving directory '/home/inessa/projects/computer-graphics/Assignment-01/CG_UFPel/build/CMakeFiles/CMakeTmp'


Detecting CXX compiler ABI info compiled with the following output:
Change Dir: /home/inessa/projects/computer-graphics/Assignment-01/CG_UFPel/build/CMakeFiles/CMakeTmp

Run Build Command:"/usr/bin/make" "cmTryCompileExec1388669229/fast"
/usr/bin/make -f CMakeFiles/cmTryCompileExec1388669229.dir/build.make CMakeFiles/cmTryCompileExec1388669229.dir/build
make[1]: Entering directory '/home/inessa/projects/computer-graphics/Assignment-01/CG_UFPel/build/CMakeFiles/CMakeTmp'
/usr/bin/cmake -E cmake_progress_report /home/inessa/projects/computer-graphics/Assignment-01/CG_UFPel/build/CMakeFiles/CMakeTmp/CMakeFiles 1
Building CXX object CMakeFiles/cmTryCompileExec1388669229.dir/CMakeCXXCompilerABI.cpp.o
/usr/bin/c++     -o CMakeFiles/cmTryCompileExec1388669229.dir/CMakeCXXCompilerABI.cpp.o -c /usr/share/cmake-3.2/Modules/CMakeCXXCompilerABI.cpp
Linking CXX executable cmTryCompileExec1388669229
/usr/bin/cmake -E cmake_link_script CMakeFiles/cmTryCompileExec1388669229.dir/link.txt --verbose=1
/usr/bin/c++       -v CMakeFiles/cmTryCompileExec1388669229.dir/CMakeCXXCompilerABI.cpp.o  -o cmTryCompileExec1388669229 -rdynamic  
Using built-in specs.
COLLECT_GCC=/usr/bin/c++
COLLECT_LTO_WRAPPER=/usr/lib/gcc/x86_64-linux-gnu/5/lto-wrapper
Target: x86_64-linux-gnu
Configured with: ../src/configure -v --with-pkgversion='Ubuntu 5.2.1-22ubuntu2' --with-bugurl=file:///usr/share/doc/gcc-5/README.Bugs --enable-languages=c,ada,c++,java,go,d,fortran,objc,obj-c++ --prefix=/usr --program-suffix=-5 --enable-shared --enable-linker-build-id --libexecdir=/usr/lib --without-included-gettext --enable-threads=posix --libdir=/usr/lib --enable-nls --with-sysroot=/ --enable-clocale=gnu --enable-libstdcxx-debug --enable-libstdcxx-time=yes --with-default-libstdcxx-abi=new --enable-gnu-unique-object --disable-vtable-verify --enable-libmpx --enable-plugin --with-system-zlib --disable-browser-plugin --enable-java-awt=gtk --enable-gtk-cairo --with-java-home=/usr/lib/jvm/java-1.5.0-gcj-5-amd64/jre --enable-java-home --with-jvm-root-dir=/usr/lib/jvm/java-1.5.0-gcj-5-amd64 --with-jvm-jar-dir=/usr/lib/jvm-exports/java-1.5.0-gcj-5-amd64 --with-arch-directory=amd64 --with-ecj-jar=/usr/share/java/eclipse-ecj.jar --enable-objc-gc --enable-multiarch --disable-werror --with-arch-32=i686 --with-abi=m64 --with-multilib-list=m32,m64,mx32 --enable-multilib --with-tune=generic --enable-checking=release --build=x86_64-linux-gnu --host=x86_64-linux-gnu --target=x86_64-linux-gnu
Thread model: posix
gcc version 5.2.1 20151010 (Ubuntu 5.2.1-22ubuntu2) 
COMPILER_PATH=/usr/lib/gcc/x86_64-linux-gnu/5/:/usr/lib/gcc/x86_64-linux-gnu/5/:/usr/lib/gcc/x86_64-linux-gnu/:/usr/lib/gcc/x86_64-linux-gnu/5/:/usr/lib/gcc/x86_64-linux-gnu/
LIBRARY_PATH=/usr/lib/gcc/x86_64-linux-gnu/5/:/usr/lib/gcc/x86_64-linux-gnu/5/../../../x86_64-linux-gnu/:/usr/lib/gcc/x86_64-linux-gnu/5/../../../../lib/:/lib/x86_64-linux-gnu/:/lib/../lib/:/usr/lib/x86_64-linux-gnu/:/usr/lib/../lib/:/usr/lib/gcc/x86_64-linux-gnu/5/../../../:/lib/:/usr/lib/
COLLECT_GCC_OPTIONS='-v' '-o' 'cmTryCompileExec1388669229' '-rdynamic' '-shared-libgcc' '-mtune=generic' '-march=x86-64'
 /usr/lib/gcc/x86_64-linux-gnu/5/collect2 -plugin /usr/lib/gcc/x86_64-linux-gnu/5/liblto_plugin.so -plugin-opt=/usr/lib/gcc/x86_64-linux-gnu/5/lto-wrapper -plugin-opt=-fresolution=/tmp/ccrgBLMY.res -plugin-opt=-pass-through=-lgcc_s -plugin-opt=-pass-through=-lgcc -plugin-opt=-pass-through=-lc -plugin-opt=-pass-through=-lgcc_s -plugin-opt=-pass-through=-lgcc --sysroot=/ --build-id --eh-frame-hdr -m elf_x86_64 --hash-style=gnu --as-needed -export-dynamic -dynamic-linker /lib64/ld-linux-x86-64.so.2 -z relro -o cmTryCompileExec1388669229 /usr/lib/gcc/x86_64-linux-gnu/5/../../../x86_64-linux-gnu/crt1.o /usr/lib/gcc/x86_64-linux-gnu/5/../../../x86_64-linux-gnu/crti.o /usr/lib/gcc/x86_64-linux-gnu/5/crtbegin.o -L/usr/lib/gcc/x86_64-linux-gnu/5 -L/usr/lib/gcc/x86_64-linux-gnu/5/../../../x86_64-linux-gnu -L/usr/lib/gcc/x86_64-linux-gnu/5/../../../../lib -L/lib/x86_64-linux-gnu -L/lib/../lib -L/usr/lib/x86_64-linux-gnu -L/usr/lib/../lib -L/usr/lib/gcc/x86_64-linux-gnu/5/../../.. CMakeFiles/cmTryCompileExec1388669229.dir/CMakeCXXCompilerABI.cpp.o -lstdc++ -lm -lgcc_s -lgcc -lc -lgcc_s -lgcc /usr/lib/gcc/x86_64-linux-gnu/5/crtend.o /usr/lib/gcc/x86_64-linux-gnu/5/../../../x86_64-linux-gnu/crtn.o
make[1]: Leaving directory '/home/inessa/projects/computer-graphics/Assignment-01/CG_UFPel/build/CMakeFiles/CMakeTmp'


Parsed CXX implicit link information from above output:
  link line regex: [^( *|.*[/\])(ld|([^/\]+-)?ld|collect2)[^/\]*( |$)]
  ignore line: [Change Dir: /home/inessa/projects/computer-graphics/Assignment-01/CG_UFPel/build/CMakeFiles/CMakeTmp]
  ignore line: []
  ignore line: [Run Build Command:"/usr/bin/make" "cmTryCompileExec1388669229/fast"]
  ignore line: [/usr/bin/make -f CMakeFiles/cmTryCompileExec1388669229.dir/build.make CMakeFiles/cmTryCompileExec1388669229.dir/build]
  ignore line: [make[1]: Entering directory '/home/inessa/projects/computer-graphics/Assignment-01/CG_UFPel/build/CMakeFiles/CMakeTmp']
  ignore line: [/usr/bin/cmake -E cmake_progress_report /home/inessa/projects/computer-graphics/Assignment-01/CG_UFPel/build/CMakeFiles/CMakeTmp/CMakeFiles 1]
  ignore line: [Building CXX object CMakeFiles/cmTryCompileExec1388669229.dir/CMakeCXXCompilerABI.cpp.o]
  ignore line: [/usr/bin/c++     -o CMakeFiles/cmTryCompileExec1388669229.dir/CMakeCXXCompilerABI.cpp.o -c /usr/share/cmake-3.2/Modules/CMakeCXXCompilerABI.cpp]
  ignore line: [Linking CXX executable cmTryCompileExec1388669229]
  ignore line: [/usr/bin/cmake -E cmake_link_script CMakeFiles/cmTryCompileExec1388669229.dir/link.txt --verbose=1]
  ignore line: [/usr/bin/c++       -v CMakeFiles/cmTryCompileExec1388669229.dir/CMakeCXXCompilerABI.cpp.o  -o cmTryCompileExec1388669229 -rdynamic  ]
  ignore line: [Using built-in specs.]
  ignore line: [COLLECT_GCC=/usr/bin/c++]
  ignore line: [COLLECT_LTO_WRAPPER=/usr/lib/gcc/x86_64-linux-gnu/5/lto-wrapper]
  ignore line: [Target: x86_64-linux-gnu]
  ignore line: [Configured with: ../src/configure -v --with-pkgversion='Ubuntu 5.2.1-22ubuntu2' --with-bugurl=file:///usr/share/doc/gcc-5/README.Bugs --enable-languages=c,ada,c++,java,go,d,fortran,objc,obj-c++ --prefix=/usr --program-suffix=-5 --enable-shared --enable-linker-build-id --libexecdir=/usr/lib --without-included-gettext --enable-threads=posix --libdir=/usr/lib --enable-nls --with-sysroot=/ --enable-clocale=gnu --enable-libstdcxx-debug --enable-libstdcxx-time=yes --with-default-libstdcxx-abi=new --enable-gnu-unique-object --disable-vtable-verify --enable-libmpx --enable-plugin --with-system-zlib --disable-browser-plugin --enable-java-awt=gtk --enable-gtk-cairo --with-java-home=/usr/lib/jvm/java-1.5.0-gcj-5-amd64/jre --enable-java-home --with-jvm-root-dir=/usr/lib/jvm/java-1.5.0-gcj-5-amd64 --with-jvm-jar-dir=/usr/lib/jvm-exports/java-1.5.0-gcj-5-amd64 --with-arch-directory=amd64 --with-ecj-jar=/usr/share/java/eclipse-ecj.jar --enable-objc-gc --enable-multiarch --disable-werror --with-arch-32=i686 --with-abi=m64 --with-multilib-list=m32,m64,mx32 --enable-multilib --with-tune=generic --enable-checking=release --build=x86_64-linux-gnu --host=x86_64-linux-gnu --target=x86_64-linux-gnu]
  ignore line: [Thread model: posix]
  ignore line: [gcc version 5.2.1 20151010 (Ubuntu 5.2.1-22ubuntu2) ]
  ignore line: [COMPILER_PATH=/usr/lib/gcc/x86_64-linux-gnu/5/:/usr/lib/gcc/x86_64-linux-gnu/5/:/usr/lib/gcc/x86_64-linux-gnu/:/usr/lib/gcc/x86_64-linux-gnu/5/:/usr/lib/gcc/x86_64-linux-gnu/]
  ignore line: [LIBRARY_PATH=/usr/lib/gcc/x86_64-linux-gnu/5/:/usr/lib/gcc/x86_64-linux-gnu/5/../../../x86_64-linux-gnu/:/usr/lib/gcc/x86_64-linux-gnu/5/../../../../lib/:/lib/x86_64-linux-gnu/:/lib/../lib/:/usr/lib/x86_64-linux-gnu/:/usr/lib/../lib/:/usr/lib/gcc/x86_64-linux-gnu/5/../../../:/lib/:/usr/lib/]
  ignore line: [COLLECT_GCC_OPTIONS='-v' '-o' 'cmTryCompileExec1388669229' '-rdynamic' '-shared-libgcc' '-mtune=generic' '-march=x86-64']
  link line: [ /usr/lib/gcc/x86_64-linux-gnu/5/collect2 -plugin /usr/lib/gcc/x86_64-linux-gnu/5/liblto_plugin.so -plugin-opt=/usr/lib/gcc/x86_64-linux-gnu/5/lto-wrapper -plugin-opt=-fresolution=/tmp/ccrgBLMY.res -plugin-opt=-pass-through=-lgcc_s -plugin-opt=-pass-through=-lgcc -plugin-opt=-pass-through=-lc -plugin-opt=-pass-through=-lgcc_s -plugin-opt=-pass-through=-lgcc --sysroot=/ --build-id --eh-frame-hdr -m elf_x86_64 --hash-style=gnu --as-needed -export-dynamic -dynamic-linker /lib64/ld-linux-x86-64.so.2 -z relro -o cmTryCompileExec1388669229 /usr/lib/gcc/x86_64-linux-gnu/5/../../../x86_64-linux-gnu/crt1.o /usr/lib/gcc/x86_64-linux-gnu/5/../../../x86_64-linux-gnu/crti.o /usr/lib/gcc/x86_64-linux-gnu/5/crtbegin.o -L/usr/lib/gcc/x86_64-linux-gnu/5 -L/usr/lib/gcc/x86_64-linux-gnu/5/../../../x86_64-linux-gnu -L/usr/lib/gcc/x86_64-linux-gnu/5/../../../../lib -L/lib/x86_64-linux-gnu -L/lib/../lib -L/usr/lib/x86_64-linux-gnu -L/usr/lib/../lib -L/usr/lib/gcc/x86_64-linux-gnu/5/../../.. CMakeFiles/cmTryCompileExec1388669229.dir/CMakeCXXCompilerABI.cpp.o -lstdc++ -lm -lgcc_s -lgcc -lc -lgcc_s -lgcc /usr/lib/gcc/x86_64-linux-gnu/5/crtend.o /usr/lib/gcc/x86_64-linux-gnu/5/../../../x86_64-linux-gnu/crtn.o]
    arg [/usr/lib/gcc/x86_64-linux-gnu/5/collect2] ==> ignore
    arg [-plugin] ==> ignore
    arg [/usr/lib/gcc/x86_64-linux-gnu/5/liblto_plugin.so] ==> ignore
    arg [-plugin-opt=/usr/lib/gcc/x86_64-linux-gnu/5/lto-wrapper] ==> ignore
    arg [-plugin-opt=-fresolution=/tmp/ccrgBLMY.res] ==> ignore
    arg [-plugin-opt=-pass-through=-lgcc_s] ==> ignore
    arg [-plugin-opt=-pass-through=-lgcc] ==> ignore
    arg [-plugin-opt=-pass-through=-lc] ==> ignore
    arg [-plugin-opt=-pass-through=-lgcc_s] ==> ignore
    arg [-plugin-opt=-pass-through=-lgcc] ==> ignore
    arg [--sysroot=/] ==> ignore
    arg [--build-id] ==> ignore
    arg [--eh-frame-hdr] ==> ignore
    arg [-m] ==> ignore
    arg [elf_x86_64] ==> ignore
    arg [--hash-style=gnu] ==> ignore
    arg [--as-needed] ==> ignore
    arg [-export-dynamic] ==> ignore
    arg [-dynamic-linker] ==> ignore
    arg [/lib64/ld-linux-x86-64.so.2] ==> ignore
    arg [-zrelro] ==> ignore
    arg [-o] ==> ignore
    arg [cmTryCompileExec1388669229] ==> ignore
    arg [/usr/lib/gcc/x86_64-linux-gnu/5/../../../x86_64-linux-gnu/crt1.o] ==> ignore
    arg [/usr/lib/gcc/x86_64-linux-gnu/5/../../../x86_64-linux-gnu/crti.o] ==> ignore
    arg [/usr/lib/gcc/x86_64-linux-gnu/5/crtbegin.o] ==> ignore
    arg [-L/usr/lib/gcc/x86_64-linux-gnu/5] ==> dir [/usr/lib/gcc/x86_64-linux-gnu/5]
    arg [-L/usr/lib/gcc/x86_64-linux-gnu/5/../../../x86_64-linux-gnu] ==> dir [/usr/lib/gcc/x86_64-linux-gnu/5/../../../x86_64-linux-gnu]
    arg [-L/usr/lib/gcc/x86_64-linux-gnu/5/../../../../lib] ==> dir [/usr/lib/gcc/x86_64-linux-gnu/5/../../../../lib]
    arg [-L/lib/x86_64-linux-gnu] ==> dir [/lib/x86_64-linux-gnu]
    arg [-L/lib/../lib] ==> dir [/lib/../lib]
    arg [-L/usr/lib/x86_64-linux-gnu] ==> dir [/usr/lib/x86_64-linux-gnu]
    arg [-L/usr/lib/../lib] ==> dir [/usr/lib/../lib]
    arg [-L/usr/lib/gcc/x86_64-linux-gnu/5/../../..] ==> dir [/usr/lib/gcc/x86_64-linux-gnu/5/../../..]
    arg [CMakeFiles/cmTryCompileExec1388669229.dir/CMakeCXXCompilerABI.cpp.o] ==> ignore
    arg [-lstdc++] ==> lib [stdc++]
    arg [-lm] ==> lib [m]
    arg [-lgcc_s] ==> lib [gcc_s]
    arg [-lgcc] ==> lib [gcc]
    arg [-lc] ==> lib [c]
    arg [-lgcc_s] ==> lib [gcc_s]
    arg [-lgcc] ==> lib [gcc]
    arg [/usr/lib/gcc/x86_64-linux-gnu/5/crtend.o] ==> ignore
    arg [/usr/lib/gcc/x86_64-linux-gnu/5/../../../x86_64-linux-gnu/crtn.o] ==> ignore
  remove lib [gcc_s]
  remove lib [gcc]
  remove lib [gcc_s]
  remove lib [gcc]
  collapse library dir [/usr/lib/gcc/x86_64-linux-gnu/5] ==> [/usr/lib/gcc/x86_64-linux-gnu/5]
  collapse library dir [/usr/lib/gcc/x86_64-linux-gnu/5/../../../x86_64-linux-gnu] ==> [/usr/lib/x86_64-linux-gnu]
  collapse library dir [/usr/lib/gcc/x86_64-linux-gnu/5/../../../../lib] ==> [/usr/lib]
  collapse library dir [/lib/x86_64-linux-gnu] ==> [/lib/x86_64-linux-gnu]
  collapse library dir [/lib/../lib] ==> [/lib]
  collapse library dir [/usr/lib/x86_64-linux-gnu] ==> [/usr/lib/x86_64-linux-gnu]
  collapse library dir [/usr/lib/../lib] ==> [/usr/lib]
  collapse library dir [/usr/lib/gcc/x86_64-linux-gnu/5/../../..] ==> [/usr/lib]
  implicit libs: [stdc++;m;c]
  implicit dirs: [/usr/lib/gcc/x86_64-linux-gnu/5;/usr/lib/x86_64-linux-gnu;/usr/lib;/lib/x86_64-linux-gnu;/lib]
  implicit fwks: []




Detecting CXX [-std=c++14] compiler features compiled with the following output:
Change Dir: /home/inessa/projects/computer-graphics/Assignment-01/CG_UFPel/build/CMakeFiles/CMakeTmp

Run Build Command:"/usr/bin/make" "cmTryCompileExec2265294020/fast"
/usr/bin/make -f CMakeFiles/cmTryCompileExec2265294020.dir/build.make CMakeFiles/cmTryCompileExec2265294020.dir/build
make[1]: Entering directory '/home/inessa/projects/computer-graphics/Assignment-01/CG_UFPel/build/CMakeFiles/CMakeTmp'
/usr/bin/cmake -E cmake_progress_report /home/inessa/projects/computer-graphics/Assignment-01/CG_UFPel/build/CMakeFiles/CMakeTmp/CMakeFiles 1
Building CXX object CMakeFiles/cmTryCompileExec2265294020.dir/feature_tests.cxx.o
/usr/bin/c++    -std=c++14 -o CMakeFiles/cmTryCompileExec2265294020.dir/feature_tests.cxx.o -c /home/inessa/projects/computer-graphics/Assignment-01/CG_UFPel/build/CMakeFiles/feature_tests.cxx
Linking CXX executable cmTryCompileExec2265294020
/usr/bin/cmake -E cmake_link_script CMakeFiles/cmTryCompileExec2265294020.dir/link.txt --verbose=1
/usr/bin/c++        CMakeFiles/cmTryCompileExec2265294020.dir/feature_tests.cxx.o  -o cmTryCompileExec2265294020 -rdynamic 
make[1]: Leaving directory '/home/inessa/projects/computer-graphics/Assignment-01/CG_UFPel/build/CMakeFiles/CMakeTmp'


    Feature record: CXX_FEATURE:1cxx_aggregate_default_initializers
    Feature record: CXX_FEATURE:1cxx_alias_templates
    Feature record: CXX_FEATURE:1cxx_alignas
    Feature record: CXX_FEATURE:1cxx_alignof
    Feature record: CXX_FEATURE:1cxx_attributes
    Feature record: CXX_FEATURE:1cxx_attribute_deprecated
    Feature record: CXX_FEATURE:1cxx_auto_type
    Feature record: CXX_FEATURE:1cxx_binary_literals
    Feature record: CXX_FEATURE:1cxx_constexpr
    Feature record: CXX_FEATURE:1cxx_contextual_conversions
    Feature record: CXX_FEATURE:1cxx_decltype
    Feature record: CXX_FEATURE:1cxx_decltype_auto
    Feature record: CXX_FEATURE:1cxx_decltype_incomplete_return_types
    Feature record: CXX_FEATURE:1cxx_default_function_template_args
    Feature record: CXX_FEATURE:1cxx_defaulted_functions
    Feature record: CXX_FEATURE:1cxx_defaulted_move_initializers
    Feature record: CXX_FEATURE:1cxx_delegating_constructors
    Feature record: CXX_FEATURE:1cxx_deleted_functions
    Feature record: CXX_FEATURE:1cxx_digit_separators
    Feature record: CXX_FEATURE:1cxx_enum_forward_declarations
    Feature record: CXX_FEATURE:1cxx_explicit_conversions
    Feature record: CXX_FEATURE:1cxx_extended_friend_declarations
    Feature record: CXX_FEATURE:1cxx_extern_templates
    Feature record: CXX_FEATURE:1cxx_final
    Feature record: CXX_FEATURE:1cxx_func_identifier
    Feature record: CXX_FEATURE:1cxx_generalized_initializers
    Feature record: CXX_FEATURE:1cxx_generic_lambdas
    Feature record: CXX_FEATURE:1cxx_inheriting_constructors
    Feature record: CXX_FEATURE:1cxx_inline_namespaces
    Feature record: CXX_FEATURE:1cxx_lambdas
    Feature record: CXX_FEATURE:1cxx_lambda_init_captures
    Feature record: CXX_FEATURE:1cxx_local_type_template_args
    Feature record: CXX_FEATURE:1cxx_long_long_type
    Feature record: CXX_FEATURE:1cxx_noexcept
    Feature record: CXX_FEATURE:1cxx_nonstatic_member_init
    Feature record: CXX_FEATURE:1cxx_nullptr
    Feature record: CXX_FEATURE:1cxx_override
    Feature record: CXX_FEATURE:1cxx_range_for
    Feature record: CXX_FEATURE:1cxx_raw_string_literals
    Feature record: CXX_FEATURE:1cxx_reference_qualified_functions
    Feature record: CXX_FEATURE:1cxx_relaxed_constexpr
    Feature record: CXX_FEATURE:1cxx_return_type_deduction
    Feature record: CXX_FEATURE:1cxx_right_angle_brackets
    Feature record: CXX_FEATURE:1cxx_rvalue_references
    Feature record: CXX_FEATURE:1cxx_sizeof_member
    Feature record: CXX_FEATURE:1cxx_static_assert
    Feature record: CXX_FEATURE:1cxx_strong_enums
    Feature record: CXX_FEATURE:1cxx_template_template_parameters
    Feature record: CXX_FEATURE:1cxx_thread_local
    Feature record: CXX_FEATURE:1cxx_trailing_return_types
    Feature record: CXX_FEATURE:1cxx_unicode_literals
    Feature record: CXX_FEATURE:1cxx_uniform_initialization
    Feature record: CXX_FEATURE:1cxx_unrestricted_unions
    Feature record: CXX_FEATURE:1cxx_user_literals
    Feature record: CXX_FEATURE:1cxx_variable_templates
    Feature record: CXX_FEATURE:1cxx_variadic_macros
    Feature record: CXX_FEATURE:1cxx_variadic_templates


Detecting CXX [-std=c++11] compiler features compiled with the following output:
Change Dir: /home/inessa/projects/computer-graphics/Assignment-01/CG_UFPel/build/CMakeFiles/CMakeTmp

Run Build Command:"/usr/bin/make" "cmTryCompileExec3142495030/fast"
/usr/bin/make -f CMakeFiles/cmTryCompileExec3142495030.dir/build.make CMakeFiles/cmTryCompileExec3142495030.dir/build
make[1]: Entering directory '/home/inessa/projects/computer-graphics/Assignment-01/CG_UFPel/build/CMakeFiles/CMakeTmp'
/usr/bin/cmake -E cmake_progress_report /home/inessa/projects/computer-graphics/Assignment-01/CG_UFPel/build/CMakeFiles/CMakeTmp/CMakeFiles 1
Building CXX object CMakeFiles/cmTryCompileExec3142495030.dir/feature_tests.cxx.o
/usr/bin/c++    -std=c++11 -o CMakeFiles/cmTryCompileExec3142495030.dir/feature_tests.cxx.o -c /home/inessa/projects/computer-graphics/Assignment-01/CG_UFPel/build/CMakeFiles/feature_tests.cxx
Linking CXX executable cmTryCompileExec3142495030
/usr/bin/cmake -E cmake_link_script CMakeFiles/cmTryCompileExec3142495030.dir/link.txt --verbose=1
/usr/bin/c++        CMakeFiles/cmTryCompileExec3142495030.dir/feature_tests.cxx.o  -o cmTryCompileExec3142495030 -rdynamic 
make[1]: Leaving directory '/home/inessa/projects/computer-graphics/Assignment-01/CG_UFPel/build/CMakeFiles/CMakeTmp'


    Feature record: CXX_FEATURE:0cxx_aggregate_default_initializers
    Feature record: CXX_FEATURE:1cxx_alias_templates
    Feature record: CXX_FEATURE:1cxx_alignas
    Feature record: CXX_FEATURE:1cxx_alignof
    Feature record: CXX_FEATURE:1cxx_attributes
    Feature record: CXX_FEATURE:0cxx_attribute_deprecated
    Feature record: CXX_FEATURE:1cxx_auto_type
    Feature record: CXX_FEATURE:0cxx_binary_literals
    Feature record: CXX_FEATURE:1cxx_constexpr
    Feature record: CXX_FEATURE:0cxx_contextual_conversions
    Feature record: CXX_FEATURE:1cxx_decltype
    Feature record: CXX_FEATURE:0cxx_decltype_auto
    Feature record: CXX_FEATURE:1cxx_decltype_incomplete_return_types
    Feature record: CXX_FEATURE:1cxx_default_function_template_args
    Feature record: CXX_FEATURE:1cxx_defaulted_functions
    Feature record: CXX_FEATURE:1cxx_defaulted_move_initializers
    Feature record: CXX_FEATURE:1cxx_delegating_constructors
    Feature record: CXX_FEATURE:1cxx_deleted_functions
    Feature record: CXX_FEATURE:0cxx_digit_separators
    Feature record: CXX_FEATURE:1cxx_enum_forward_declarations
    Feature record: CXX_FEATURE:1cxx_explicit_conversions
    Feature record: CXX_FEATURE:1cxx_extended_friend_declarations
    Feature record: CXX_FEATURE:1cxx_extern_templates
    Feature record: CXX_FEATURE:1cxx_final
    Feature record: CXX_FEATURE:1cxx_func_identifier
    Feature record: CXX_FEATURE:1cxx_generalized_initializers
    Feature record: CXX_FEATURE:0cxx_generic_lambdas
    Feature record: CXX_FEATURE:1cxx_inheriting_constructors
    Feature record: CXX_FEATURE:1cxx_inline_namespaces
    Feature record: CXX_FEATURE:1cxx_lambdas
    Feature record: CXX_FEATURE:0cxx_lambda_init_captures
    Feature record: CXX_FEATURE:1cxx_local_type_template_args
    Feature record: CXX_FEATURE:1cxx_long_long_type
    Feature record: CXX_FEATURE:1cxx_noexcept
    Feature record: CXX_FEATURE:1cxx_nonstatic_member_init
    Feature record: CXX_FEATURE:1cxx_nullptr
    Feature record: CXX_FEATURE:1cxx_override
    Feature record: CXX_FEATURE:1cxx_range_for
    Feature record: CXX_FEATURE:1cxx_raw_string_literals
    Feature record: CXX_FEATURE:1cxx_reference_qualified_functions
    Feature record: CXX_FEATURE:0cxx_relaxed_constexpr
    Feature record: CXX_FEATURE:0cxx_return_type_deduction
    Feature record: CXX_FEATURE:1cxx_right_angle_brackets
    Feature record: CXX_FEATURE:1cxx_rvalue_references
    Feature record: CXX_FEATURE:1cxx_sizeof_member
    Feature record: CXX_FEATURE:1cxx_static_assert
    Feature record: CXX_FEATURE:1cxx_strong_enums
    Feature record: CXX_FEATURE:1cxx_template_template_parameters
    Feature record: CXX_FEATURE:1cxx_thread_local
    Feature record: CXX_FEATURE:1cxx_trailing_return_types
    Feature record: CXX_FEATURE:1cxx_unicode_literals
    Feature record: CXX_FEATURE:1cxx_uniform_initialization
    Feature record: CXX_FEATURE:1cxx_unrestricted_unions
    Feature record: CXX_FEATURE:1cxx_user_literals
    Feature record: CXX_FEATURE:0cxx_variable_templates
    Feature record: CXX_FEATURE:1cxx_variadic_macros
    Feature record: CXX_FEATURE:1cxx_variadic_templates


Detecting CXX [-std=c++98] compiler features compiled with the following output:
Change Dir: /home/inessa/projects/computer-graphics/Assignment-01/CG_UFPel/build/CMakeFiles/CMakeTmp

Run Build Command:"/usr/bin/make" "cmTryCompileExec312340864/fast"
/usr/bin/make -f CMakeFiles/cmTryCompileExec312340864.dir/build.make CMakeFiles/cmTryCompileExec312340864.dir/build
make[1]: Entering directory '/home/inessa/projects/computer-graphics/Assignment-01/CG_UFPel/build/CMakeFiles/CMakeTmp'
/usr/bin/cmake -E cmake_progress_report /home/inessa/projects/computer-graphics/Assignment-01/CG_UFPel/build/CMakeFiles/CMakeTmp/CMakeFiles 1
Building CXX object CMakeFiles/cmTryCompileExec312340864.dir/feature_tests.cxx.o
/usr/bin/c++    -std=c++98 -o CMakeFiles/cmTryCompileExec312340864.dir/feature_tests.cxx.o -c /home/inessa/projects/computer-graphics/Assignment-01/CG_UFPel/build/CMakeFiles/feature_tests.cxx
Linking CXX executable cmTryCompileExec312340864
/usr/bin/cmake -E cmake_link_script CMakeFiles/cmTryCompileExec312340864.dir/link.txt --verbose=1
/usr/bin/c++        CMakeFiles/cmTryCompileExec312340864.dir/feature_tests.cxx.o  -o cmTryCompileExec312340864 -rdynamic 
make[1]: Leaving directory '/home/inessa/projects/computer-graphics/Assignment-01/CG_UFPel/build/CMakeFiles/CMakeTmp'


    Feature record: CXX_FEATURE:0cxx_aggregate_default_initializers
    Feature record: CXX_FEATURE:0cxx_alias_templates
    Feature record: CXX_FEATURE:0cxx_alignas
    Feature record: CXX_FEATURE:0cxx_alignof
    Feature record: CXX_FEATURE:0cxx_attributes
    Feature record: CXX_FEATURE:0cxx_attribute_deprecated
    Feature record: CXX_FEATURE:0cxx_auto_type
    Feature record: CXX_FEATURE:0cxx_binary_literals
    Feature record: CXX_FEATURE:0cxx_constexpr
    Feature record: CXX_FEATURE:0cxx_contextual_conversions
    Feature record: CXX_FEATURE:0cxx_decltype
    Feature record: CXX_FEATURE:0cxx_decltype_auto
    Feature record: CXX_FEATURE:0cxx_decltype_incomplete_return_types
    Feature record: CXX_FEATURE:0cxx_default_function_template_args
    Feature record: CXX_FEATURE:0cxx_defaulted_functions
    Feature record: CXX_FEATURE:0cxx_defaulted_move_initializers
    Feature record: CXX_FEATURE:0cxx_delegating_constructors
    Feature record: CXX_FEATURE:0cxx_deleted_functions
    Feature record: CXX_FEATURE:0cxx_digit_separators
    Feature record: CXX_FEATURE:0cxx_enum_forward_declarations
    Feature record: CXX_FEATURE:0cxx_explicit_conversions
    Feature record: CXX_FEATURE:0cxx_extended_friend_declarations
    Feature record: CXX_FEATURE:0cxx_extern_templates
    Feature record: CXX_FEATURE:0cxx_final
    Feature record: CXX_FEATURE:0cxx_func_identifier
    Feature record: CXX_FEATURE:0cxx_generalized_initializers
    Feature record: CXX_FEATURE:0cxx_generic_lambdas
    Feature record: CXX_FEATURE:0cxx_inheriting_constructors
    Feature record: CXX_FEATURE:0cxx_inline_namespaces
    Feature record: CXX_FEATURE:0cxx_lambdas
    Feature record: CXX_FEATURE:0cxx_lambda_init_captures
    Feature record: CXX_FEATURE:0cxx_local_type_template_args
    Feature record: CXX_FEATURE:0cxx_long_long_type
    Feature record: CXX_FEATURE:0cxx_noexcept
    Feature record: CXX_FEATURE:0cxx_nonstatic_member_init
    Feature record: CXX_FEATURE:0cxx_nullptr
    Feature record: CXX_FEATURE:0cxx_override
    Feature record: CXX_FEATURE:0cxx_range_for
    Feature record: CXX_FEATURE:0cxx_raw_string_literals
    Feature record: CXX_FEATURE:0cxx_reference_qualified_functions
    Feature record: CXX_FEATURE:0cxx_relaxed_constexpr
    Feature record: CXX_FEATURE:0cxx_return_type_deduction
    Feature record: CXX_FEATURE:0cxx_right_angle_brackets
    Feature record: CXX_FEATURE:0cxx_rvalue_references
    Feature record: CXX_FEATURE:0cxx_sizeof_member
    Feature record: CXX_FEATURE:0cxx_static_assert
    Feature record: CXX_FEATURE:0cxx_strong_enums
    Feature record: CXX_FEATURE:1cxx_template_template_parameters
    Feature record: CXX_FEATURE:0cxx_thread_local
    Feature record: CXX_FEATURE:0cxx_trailing_return_types
    Feature record: CXX_FEATURE:0cxx_unicode_literals
    Feature record: CXX_FEATURE:0cxx_uniform_initialization
    Feature record: CXX_FEATURE:0cxx_unrestricted_unions
    Feature record: CXX_FEATURE:0cxx_user_literals
    Feature record: CXX_FEATURE:0cxx_variable_templates
    Feature record: CXX_FEATURE:0cxx_variadic_macros
    Feature record: CXX_FEATURE:0cxx_variadic_templates
Determining if files pthread.h exist passed with the following output:
Change Dir: /home/inessa/projects/computer-graphics/Assignment-01/CG_UFPel/build/CMakeFiles/CMakeTmp

Run Build Command:"/usr/bin/make" "cmTryCompileExec3509328567/fast"
/usr/bin/make -f CMakeFiles/cmTryCompileExec3509328567.dir/build.make CMakeFiles/cmTryCompileExec3509328567.dir/build
make[1]: Entering directory '/home/inessa/projects/computer-graphics/Assignment-01/CG_UFPel/build/CMakeFiles/CMakeTmp'
/usr/bin/cmake -E cmake_progress_report /home/inessa/projects/computer-graphics/Assignment-01/CG_UFPel/build/CMakeFiles/CMakeTmp/CMakeFiles 1
Building C object CMakeFiles/cmTryCompileExec3509328567.dir/CheckIncludeFiles.c.o
/usr/bin/cc    -o CMakeFiles/cmTryCompileExec3509328567.dir/CheckIncludeFiles.c.o   -c /home/inessa/projects/computer-graphics/Assignment-01/CG_UFPel/build/CMakeFiles/CMakeTmp/CheckIncludeFiles.c
Linking C executable cmTryCompileExec3509328567
/usr/bin/cmake -E cmake_link_script CMakeFiles/cmTryCompileExec3509328567.dir/link.txt --verbose=1
/usr/bin/cc       CMakeFiles/cmTryCompileExec3509328567.dir/CheckIncludeFiles.c.o  -o cmTryCompileExec3509328567 -rdynamic 
make[1]: Leaving directory '/home/inessa/projects/computer-graphics/Assignment-01/CG_UFPel/build/CMakeFiles/CMakeTmp'


Determining if the function pthread_create exists in the pthread passed with the following output:
Change Dir: /home/inessa/projects/computer-graphics/Assignment-01/CG_UFPel/build/CMakeFiles/CMakeTmp

Run Build Command:"/usr/bin/make" "cmTryCompileExec2041023406/fast"
/usr/bin/make -f CMakeFiles/cmTryCompileExec2041023406.dir/build.make CMakeFiles/cmTryCompileExec2041023406.dir/build
make[1]: Entering directory '/home/inessa/projects/computer-graphics/Assignment-01/CG_UFPel/build/CMakeFiles/CMakeTmp'
/usr/bin/cmake -E cmake_progress_report /home/inessa/projects/computer-graphics/Assignment-01/CG_UFPel/build/CMakeFiles/CMakeTmp/CMakeFiles 1
Building C object CMakeFiles/cmTryCompileExec2041023406.dir/CheckFunctionExists.c.o
/usr/bin/cc   -DCHECK_FUNCTION_EXISTS=pthread_create   -o CMakeFiles/cmTryCompileExec2041023406.dir/CheckFunctionExists.c.o   -c /usr/share/cmake-3.2/Modules/CheckFunctionExists.c
Linking C executable cmTryCompileExec2041023406
/usr/bin/cmake -E cmake_link_script CMakeFiles/cmTryCompileExec2041023406.dir/link.txt --verbose=1
/usr/bin/cc   -DCHECK_FUNCTION_EXISTS=pthread_create    CMakeFiles/cmTryCompileExec2041023406.dir/CheckFunctionExists.c.o  -o cmTryCompileExec2041023406 -rdynamic -lpthread 
make[1]: Leaving directory '/home/inessa/projects/computer-graphics/Assignment-01/CG_UFPel/build/CMakeFiles/CMakeTmp'


Determining if the function XOpenDisplay exists in the /usr/lib/x86_64-linux-gnu/libX11.so;/usr/lib/x86_64-linux-gnu/libXext.so passed with the following output:
Change Dir: /home/inessa/projects/computer-graphics/Assignment-01/CG_UFPel/build/CMakeFiles/CMakeTmp

Run Build Command:"/usr/bin/make" "cmTryCompileExec2426172612/fast"
/usr/bin/make -f CMakeFiles/cmTryCompileExec2426172612.dir/build.make CMakeFiles/cmTryCompileExec2426172612.dir/build
make[1]: Entering directory '/home/inessa/projects/computer-graphics/Assignment-01/CG_UFPel/build/CMakeFiles/CMakeTmp'
/usr/bin/cmake -E cmake_progress_report /home/inessa/projects/computer-graphics/Assignment-01/CG_UFPel/build/CMakeFiles/CMakeTmp/CMakeFiles 1
Building C object CMakeFiles/cmTryCompileExec2426172612.dir/CheckFunctionExists.c.o
/usr/bin/cc   -DCHECK_FUNCTION_EXISTS=XOpenDisplay   -o CMakeFiles/cmTryCompileExec2426172612.dir/CheckFunctionExists.c.o   -c /usr/share/cmake-3.2/Modules/CheckFunctionExists.c
Linking C executable cmTryCompileExec2426172612
/usr/bin/cmake -E cmake_link_script CMakeFiles/cmTryCompileExec2426172612.dir/link.txt --verbose=1
/usr/bin/cc   -DCHECK_FUNCTION_EXISTS=XOpenDisplay    CMakeFiles/cmTryCompileExec2426172612.dir/CheckFunctionExists.c.o  -o cmTryCompileExec2426172612 -rdynamic -lX11 -lXext 
make[1]: Leaving directory '/home/inessa/projects/computer-graphics/Assignment-01/CG_UFPel/build/CMakeFiles/CMakeTmp'


Determining if the function gethostbyname exists passed with the following output:
Change Dir: /home/inessa/projects/computer-graphics/Assignment-01/CG_UFPel/build/CMakeFiles/CMakeTmp

Run Build Command:"/usr/bin/make" "cmTryCompileExec4271639065/fast"
/usr/bin/make -f CMakeFiles/cmTryCompileExec4271639065.dir/build.make CMakeFiles/cmTryCompileExec4271639065.dir/build
make[1]: Entering directory '/home/inessa/projects/computer-graphics/Assignment-01/CG_UFPel/build/CMakeFiles/CMakeTmp'
/usr/bin/cmake -E cmake_progress_report /home/inessa/projects/computer-graphics/Assignment-01/CG_UFPel/build/CMakeFiles/CMakeTmp/CMakeFiles 1
Building C object CMakeFiles/cmTryCompileExec4271639065.dir/CheckFunctionExists.c.o
/usr/bin/cc   -DCHECK_FUNCTION_EXISTS=gethostbyname   -o CMakeFiles/cmTryCompileExec4271639065.dir/CheckFunctionExists.c.o   -c /usr/share/cmake-3.2/Modules/CheckFunctionExists.c
Linking C executable cmTryCompileExec4271639065
/usr/bin/cmake -E cmake_link_script CMakeFiles/cmTryCompileExec4271639065.dir/link.txt --verbose=1
/usr/bin/cc   -DCHECK_FUNCTION_EXISTS=gethostbyname    CMakeFiles/cmTryCompileExec4271639065.dir/CheckFunctionExists.c.o  -o cmTryCompileExec4271639065 -rdynamic 
make[1]: Leaving directory '/home/inessa/projects/computer-graphics/Assignment-01/CG_UFPel/build/CMakeFiles/CMakeTmp'


Determining if the function connect exists passed with the following output:
Change Dir: /home/inessa/projects/computer-graphics/Assignment-01/CG_UFPel/build/CMakeFiles/CMakeTmp

Run Build Command:"/usr/bin/make" "cmTryCompileExec1189752725/fast"
/usr/bin/make -f CMakeFiles/cmTryCompileExec1189752725.dir/build.make CMakeFiles/cmTryCompileExec1189752725.dir/build
make[1]: Entering directory '/home/inessa/projects/computer-graphics/Assignment-01/CG_UFPel/build/CMakeFiles/CMakeTmp'
/usr/bin/cmake -E cmake_progress_report /home/inessa/projects/computer-graphics/Assignment-01/CG_UFPel/build/CMakeFiles/CMakeTmp/CMakeFiles 1
Building C object CMakeFiles/cmTryCompileExec1189752725.dir/CheckFunctionExists.c.o
/usr/bin/cc   -DCHECK_FUNCTION_EXISTS=connect   -o CMakeFiles/cmTryCompileExec1189752725.dir/CheckFunctionExists.c.o   -c /usr/share/cmake-3.2/Modules/CheckFunctionExists.c
Linking C executable cmTryCompileExec1189752725
/usr/bin/cmake -E cmake_link_script CMakeFiles/cmTryCompileExec1189752725.dir/link.txt --verbose=1
/usr/bin/cc   -DCHECK_FUNCTION_EXISTS=connect    CMakeFiles/cmTryCompileExec1189752725.dir/CheckFunctionExists.c.o  -o cmTryCompileExec1189752725 -rdynamic 
make[1]: Leaving directory '/home/inessa/projects/computer-graphics/Assignment-01/CG_UFPel/build/CMakeFiles/CMakeTmp'


Determining if the function remove exists passed with the following output:
Change Dir: /home/inessa/projects/computer-graphics/Assignment-01/CG_UFPel/build/CMakeFiles/CMakeTmp

Run Build Command:"/usr/bin/make" "cmTryCompileExec1558850275/fast"
/usr/bin/make -f CMakeFiles/cmTryCompileExec1558850275.dir/build.make CMakeFiles/cmTryCompileExec1558850275.dir/build
make[1]: Entering directory '/home/inessa/projects/computer-graphics/Assignment-01/CG_UFPel/build/CMakeFiles/CMakeTmp'
/usr/bin/cmake -E cmake_progress_report /home/inessa/projects/computer-graphics/Assignment-01/CG_UFPel/build/CMakeFiles/CMakeTmp/CMakeFiles 1
Building C object CMakeFiles/cmTryCompileExec1558850275.dir/CheckFunctionExists.c.o
/usr/bin/cc   -DCHECK_FUNCTION_EXISTS=remove   -o CMakeFiles/cmTryCompileExec1558850275.dir/CheckFunctionExists.c.o   -c /usr/share/cmake-3.2/Modules/CheckFunctionExists.c
Linking C executable cmTryCompileExec1558850275
/usr/bin/cmake -E cmake_link_script CMakeFiles/cmTryCompileExec1558850275.dir/link.txt --verbose=1
/usr/bin/cc   -DCHECK_FUNCTION_EXISTS=remove    CMakeFiles/cmTryCompileExec1558850275.dir/CheckFunctionExists.c.o  -o cmTryCompileExec1558850275 -rdynamic 
make[1]: Leaving directory '/home/inessa/projects/computer-graphics/Assignment-01/CG_UFPel/build/CMakeFiles/CMakeTmp'


Determining if the function shmat exists passed with the following output:
Change Dir: /home/inessa/projects/computer-graphics/Assignment-01/CG_UFPel/build/CMakeFiles/CMakeTmp

Run Build Command:"/usr/bin/make" "cmTryCompileExec1136449697/fast"
/usr/bin/make -f CMakeFiles/cmTryCompileExec1136449697.dir/build.make CMakeFiles/cmTryCompileExec1136449697.dir/build
make[1]: Entering directory '/home/inessa/projects/computer-graphics/Assignment-01/CG_UFPel/build/CMakeFiles/CMakeTmp'
/usr/bin/cmake -E cmake_progress_report /home/inessa/projects/computer-graphics/Assignment-01/CG_UFPel/build/CMakeFiles/CMakeTmp/CMakeFiles 1
Building C object CMakeFiles/cmTryCompileExec1136449697.dir/CheckFunctionExists.c.o
/usr/bin/cc   -DCHECK_FUNCTION_EXISTS=shmat   -o CMakeFiles/cmTryCompileExec1136449697.dir/CheckFunctionExists.c.o   -c /usr/share/cmake-3.2/Modules/CheckFunctionExists.c
Linking C executable cmTryCompileExec1136449697
/usr/bin/cmake -E cmake_link_script CMakeFiles/cmTryCompileExec1136449697.dir/link.txt --verbose=1
/usr/bin/cc   -DCHECK_FUNCTION_EXISTS=shmat    CMakeFiles/cmTryCompileExec1136449697.dir/CheckFunctionExists.c.o  -o cmTryCompileExec1136449697 -rdynamic 
make[1]: Leaving directory '/home/inessa/projects/computer-graphics/Assignment-01/CG_UFPel/build/CMakeFiles/CMakeTmp'


Determining if the function glXGetProcAddress exists passed with the following output:
Change Dir: /home/inessa/projects/computer-graphics/Assignment-01/CG_UFPel/build/CMakeFiles/CMakeTmp

Run Build Command:"/usr/bin/make" "cmTryCompileExec3668371322/fast"
/usr/bin/make -f CMakeFiles/cmTryCompileExec3668371322.dir/build.make CMakeFiles/cmTryCompileExec3668371322.dir/build
make[1]: Entering directory '/home/inessa/projects/computer-graphics/Assignment-01/CG_UFPel/build/CMakeFiles/CMakeTmp'
/usr/bin/cmake -E cmake_progress_report /home/inessa/projects/computer-graphics/Assignment-01/CG_UFPel/build/CMakeFiles/CMakeTmp/CMakeFiles 1
Building C object CMakeFiles/cmTryCompileExec3668371322.dir/CheckFunctionExists.c.o
/usr/bin/cc   -DCHECK_FUNCTION_EXISTS=glXGetProcAddress   -o CMakeFiles/cmTryCompileExec3668371322.dir/CheckFunctionExists.c.o   -c /usr/share/cmake-3.2/Modules/CheckFunctionExists.c
Linking C executable cmTryCompileExec3668371322
/usr/bin/cmake -E cmake_link_script CMakeFiles/cmTryCompileExec3668371322.dir/link.txt --verbose=1
/usr/bin/cc   -DCHECK_FUNCTION_EXISTS=glXGetProcAddress    CMakeFiles/cmTryCompileExec3668371322.dir/CheckFunctionExists.c.o  -o cmTryCompileExec3668371322 -rdynamic -lGL 
make[1]: Leaving directory '/home/inessa/projects/computer-graphics/Assignment-01/CG_UFPel/build/CMakeFiles/CMakeTmp'


Determining if the function glXGetProcAddressARB exists passed with the following output:
Change Dir: /home/inessa/projects/computer-graphics/Assignment-01/CG_UFPel/build/CMakeFiles/CMakeTmp

Run Build Command:"/usr/bin/make" "cmTryCompileExec2763048322/fast"
/usr/bin/make -f CMakeFiles/cmTryCompileExec2763048322.dir/build.make CMakeFiles/cmTryCompileExec2763048322.dir/build
make[1]: Entering directory '/home/inessa/projects/computer-graphics/Assignment-01/CG_UFPel/build/CMakeFiles/CMakeTmp'
/usr/bin/cmake -E cmake_progress_report /home/inessa/projects/computer-graphics/Assignment-01/CG_UFPel/build/CMakeFiles/CMakeTmp/CMakeFiles 1
Building C object CMakeFiles/cmTryCompileExec2763048322.dir/CheckFunctionExists.c.o
/usr/bin/cc   -DCHECK_FUNCTION_EXISTS=glXGetProcAddressARB   -o CMakeFiles/cmTryCompileExec2763048322.dir/CheckFunctionExists.c.o   -c /usr/share/cmake-3.2/Modules/CheckFunctionExists.c
Linking C executable cmTryCompileExec2763048322
/usr/bin/cmake -E cmake_link_script CMakeFiles/cmTryCompileExec2763048322.dir/link.txt --verbose=1
/usr/bin/cc   -DCHECK_FUNCTION_EXISTS=glXGetProcAddressARB    CMakeFiles/cmTryCompileExec2763048322.dir/CheckFunctionExists.c.o  -o cmTryCompileExec2763048322 -rdynamic -lGL 
make[1]: Leaving directory '/home/inessa/projects/computer-graphics/Assignment-01/CG_UFPel/build/CMakeFiles/CMakeTmp'


Determining if the include file sys/types.h exists passed with the following output:
Change Dir: /home/inessa/projects/computer-graphics/Assignment-01/CG_UFPel/build/CMakeFiles/CMakeTmp

Run Build Command:"/usr/bin/make" "cmTryCompileExec618148697/fast"
/usr/bin/make -f CMakeFiles/cmTryCompileExec618148697.dir/build.make CMakeFiles/cmTryCompileExec618148697.dir/build
make[1]: Entering directory '/home/inessa/projects/computer-graphics/Assignment-01/CG_UFPel/build/CMakeFiles/CMakeTmp'
/usr/bin/cmake -E cmake_progress_report /home/inessa/projects/computer-graphics/Assignment-01/CG_UFPel/build/CMakeFiles/CMakeTmp/CMakeFiles 1
Building C object CMakeFiles/cmTryCompileExec618148697.dir/CheckIncludeFile.c.o
/usr/bin/cc    -o CMakeFiles/cmTryCompileExec618148697.dir/CheckIncludeFile.c.o   -c /home/inessa/projects/computer-graphics/Assignment-01/CG_UFPel/build/CMakeFiles/CMakeTmp/CheckIncludeFile.c
Linking C executable cmTryCompileExec618148697
/usr/bin/cmake -E cmake_link_script CMakeFiles/cmTryCompileExec618148697.dir/link.txt --verbose=1
/usr/bin/cc       CMakeFiles/cmTryCompileExec618148697.dir/CheckIncludeFile.c.o  -o cmTryCompileExec618148697 -rdynamic 
make[1]: Leaving directory '/home/inessa/projects/computer-graphics/Assignment-01/CG_UFPel/build/CMakeFiles/CMakeTmp'


Determining if the include file stdint.h exists passed with the following output:
Change Dir: /home/inessa/projects/computer-graphics/Assignment-01/CG_UFPel/build/CMakeFiles/CMakeTmp

Run Build Command:"/usr/bin/make" "cmTryCompileExec196705332/fast"
/usr/bin/make -f CMakeFiles/cmTryCompileExec196705332.dir/build.make CMakeFiles/cmTryCompileExec196705332.dir/build
make[1]: Entering directory '/home/inessa/projects/computer-graphics/Assignment-01/CG_UFPel/build/CMakeFiles/CMakeTmp'
/usr/bin/cmake -E cmake_progress_report /home/inessa/projects/computer-graphics/Assignment-01/CG_UFPel/build/CMakeFiles/CMakeTmp/CMakeFiles 1
Building C object CMakeFiles/cmTryCompileExec196705332.dir/CheckIncludeFile.c.o
/usr/bin/cc    -o CMakeFiles/cmTryCompileExec196705332.dir/CheckIncludeFile.c.o   -c /home/inessa/projects/computer-graphics/Assignment-01/CG_UFPel/build/CMakeFiles/CMakeTmp/CheckIncludeFile.c
Linking C executable cmTryCompileExec196705332
/usr/bin/cmake -E cmake_link_script CMakeFiles/cmTryCompileExec196705332.dir/link.txt --verbose=1
/usr/bin/cc       CMakeFiles/cmTryCompileExec196705332.dir/CheckIncludeFile.c.o  -o cmTryCompileExec196705332 -rdynamic 
make[1]: Leaving directory '/home/inessa/projects/computer-graphics/Assignment-01/CG_UFPel/build/CMakeFiles/CMakeTmp'


Determining if the include file stddef.h exists passed with the following output:
Change Dir: /home/inessa/projects/computer-graphics/Assignment-01/CG_UFPel/build/CMakeFiles/CMakeTmp

Run Build Command:"/usr/bin/make" "cmTryCompileExec4109252604/fast"
/usr/bin/make -f CMakeFiles/cmTryCompileExec4109252604.dir/build.make CMakeFiles/cmTryCompileExec4109252604.dir/build
make[1]: Entering directory '/home/inessa/projects/computer-graphics/Assignment-01/CG_UFPel/build/CMakeFiles/CMakeTmp'
/usr/bin/cmake -E cmake_progress_report /home/inessa/projects/computer-graphics/Assignment-01/CG_UFPel/build/CMakeFiles/CMakeTmp/CMakeFiles 1
Building C object CMakeFiles/cmTryCompileExec4109252604.dir/CheckIncludeFile.c.o
/usr/bin/cc    -o CMakeFiles/cmTryCompileExec4109252604.dir/CheckIncludeFile.c.o   -c /home/inessa/projects/computer-graphics/Assignment-01/CG_UFPel/build/CMakeFiles/CMakeTmp/CheckIncludeFile.c
Linking C executable cmTryCompileExec4109252604
/usr/bin/cmake -E cmake_link_script CMakeFiles/cmTryCompileExec4109252604.dir/link.txt --verbose=1
/usr/bin/cc       CMakeFiles/cmTryCompileExec4109252604.dir/CheckIncludeFile.c.o  -o cmTryCompileExec4109252604 -rdynamic 
make[1]: Leaving directory '/home/inessa/projects/computer-graphics/Assignment-01/CG_UFPel/build/CMakeFiles/CMakeTmp'


Determining size of off64_t passed with the following output:
Change Dir: /home/inessa/projects/computer-graphics/Assignment-01/CG_UFPel/build/CMakeFiles/CMakeTmp

Run Build Command:"/usr/bin/make" "cmTryCompileExec2477031190/fast"
/usr/bin/make -f CMakeFiles/cmTryCompileExec2477031190.dir/build.make CMakeFiles/cmTryCompileExec2477031190.dir/build
make[1]: Entering directory '/home/inessa/projects/computer-graphics/Assignment-01/CG_UFPel/build/CMakeFiles/CMakeTmp'
/usr/bin/cmake -E cmake_progress_report /home/inessa/projects/computer-graphics/Assignment-01/CG_UFPel/build/CMakeFiles/CMakeTmp/CMakeFiles 1
Building C object CMakeFiles/cmTryCompileExec2477031190.dir/OFF64_T.c.o
/usr/bin/cc  -DHAVE_STDDEF_H -DHAVE_STDINT_H -DHAVE_SYS_TYPES_H -D_LARGEFILE64_SOURCE=1  -o CMakeFiles/cmTryCompileExec2477031190.dir/OFF64_T.c.o   -c /home/inessa/projects/computer-graphics/Assignment-01/CG_UFPel/build/CMakeFiles/CheckTypeSize/OFF64_T.c
Linking C executable cmTryCompileExec2477031190
/usr/bin/cmake -E cmake_link_script CMakeFiles/cmTryCompileExec2477031190.dir/link.txt --verbose=1
/usr/bin/cc       CMakeFiles/cmTryCompileExec2477031190.dir/OFF64_T.c.o  -o cmTryCompileExec2477031190 -rdynamic 
make[1]: Leaving directory '/home/inessa/projects/computer-graphics/Assignment-01/CG_UFPel/build/CMakeFiles/CMakeTmp'


Determining if the function fseeko exists passed with the following output:
Change Dir: /home/inessa/projects/computer-graphics/Assignment-01/CG_UFPel/build/CMakeFiles/CMakeTmp

Run Build Command:"/usr/bin/make" "cmTryCompileExec852266341/fast"
/usr/bin/make -f CMakeFiles/cmTryCompileExec852266341.dir/build.make CMakeFiles/cmTryCompileExec852266341.dir/build
make[1]: Entering directory '/home/inessa/projects/computer-graphics/Assignment-01/CG_UFPel/build/CMakeFiles/CMakeTmp'
/usr/bin/cmake -E cmake_progress_report /home/inessa/projects/computer-graphics/Assignment-01/CG_UFPel/build/CMakeFiles/CMakeTmp/CMakeFiles 1
Building C object CMakeFiles/cmTryCompileExec852266341.dir/CheckFunctionExists.c.o
/usr/bin/cc   -DCHECK_FUNCTION_EXISTS=fseeko   -o CMakeFiles/cmTryCompileExec852266341.dir/CheckFunctionExists.c.o   -c /usr/share/cmake-3.2/Modules/CheckFunctionExists.c
Linking C executable cmTryCompileExec852266341
/usr/bin/cmake -E cmake_link_script CMakeFiles/cmTryCompileExec852266341.dir/link.txt --verbose=1
/usr/bin/cc   -DCHECK_FUNCTION_EXISTS=fseeko    CMakeFiles/cmTryCompileExec852266341.dir/CheckFunctionExists.c.o  -o cmTryCompileExec852266341 -rdynamic 
make[1]: Leaving directory '/home/inessa/projects/computer-graphics/Assignment-01/CG_UFPel/build/CMakeFiles/CMakeTmp'


Determining if the include file unistd.h exists passed with the following output:
Change Dir: /home/inessa/projects/computer-graphics/Assignment-01/CG_UFPel/build/CMakeFiles/CMakeTmp

Run Build Command:"/usr/bin/make" "cmTryCompileExec1387355751/fast"
/usr/bin/make -f CMakeFiles/cmTryCompileExec1387355751.dir/build.make CMakeFiles/cmTryCompileExec1387355751.dir/build
make[1]: Entering directory '/home/inessa/projects/computer-graphics/Assignment-01/CG_UFPel/build/CMakeFiles/CMakeTmp'
/usr/bin/cmake -E cmake_progress_report /home/inessa/projects/computer-graphics/Assignment-01/CG_UFPel/build/CMakeFiles/CMakeTmp/CMakeFiles 1
Building C object CMakeFiles/cmTryCompileExec1387355751.dir/CheckIncludeFile.c.o
/usr/bin/cc    -o CMakeFiles/cmTryCompileExec1387355751.dir/CheckIncludeFile.c.o   -c /home/inessa/projects/computer-graphics/Assignment-01/CG_UFPel/build/CMakeFiles/CMakeTmp/CheckIncludeFile.c
Linking C executable cmTryCompileExec1387355751
/usr/bin/cmake -E cmake_link_script CMakeFiles/cmTryCompileExec1387355751.dir/link.txt --verbose=1
/usr/bin/cc       CMakeFiles/cmTryCompileExec1387355751.dir/CheckIncludeFile.c.o  -o cmTryCompileExec1387355751 -rdynamic 
make[1]: Leaving directory '/home/inessa/projects/computer-graphics/Assignment-01/CG_UFPel/build/CMakeFiles/CMakeTmp'


